<?xml version="1.0" encoding="UTF-8"?>
<!-- Generated by org.testng.reporters.JUnitXMLReporter -->
<testsuite ignored="6" hostname="BHANU-LAPTOP" failures="0" tests="3" name="Test" time="0.068" errors="0" timestamp="2022-07-29T08:55:04 IST">
  <testcase classname="day45.Demo1" name="createCustomer" time="0.003"/>
  <testcase classname="day45.Demo1" name="createProduct" time="0.002"/>
  <testcase classname="day45.Demo1" name="createUser" time="0.002"/>
  <testcase classname="day45.Demo1" name="deleteUser" time="0.0">
    <ignored/>
  </testcase> <!-- deleteUser -->
  <testcase classname="day45.Demo1" name="deleteCustomer" time="0.0">
    <ignored/>
  </testcase> <!-- deleteCustomer -->
  <testcase classname="day45.Demo1" name="deleteProduct" time="0.0">
    <ignored/>
  </testcase> <!-- deleteProduct -->
  <testcase classname="day45.Demo1" name="editCustomer" time="0.0">
    <ignored/>
  </testcase> <!-- editCustomer -->
  <testcase classname="day45.Demo1" name="editProduct" time="0.0">
    <ignored/>
  </testcase> <!-- editProduct -->
  <testcase classname="day45.Demo1" name="editUser" time="0.0">
    <ignored/>
  </testcase> <!-- editUser -->
</testsuite> <!-- Test -->
