<?xml version="1.0" encoding="UTF-8"?>
<testng-results ignored="6" total="9" passed="3" failed="0" skipped="0">
  <reporter-output>
    <line>
      <![CDATA[login]]>
    </line>
    <line>
      <![CDATA[create Customer]]>
    </line>
    <line>
      <![CDATA[logout]]>
    </line>
    <line>
      <![CDATA[login]]>
    </line>
    <line>
      <![CDATA[create Product]]>
    </line>
    <line>
      <![CDATA[logout]]>
    </line>
    <line>
      <![CDATA[login]]>
    </line>
    <line>
      <![CDATA[create user]]>
    </line>
    <line>
      <![CDATA[logout]]>
    </line>
  </reporter-output>
  <suite started-at="2022-07-29T08:55:03 IST" name="Suite" finished-at="2022-07-29T08:55:03 IST" duration-ms="68">
    <groups>
      <group name="User">
        <method signature="Demo1.createUser()[pri:0, instance:day45.Demo1@78e117e3]" name="createUser" class="day45.Demo1"/>
      </group> <!-- User -->
      <group name="Customer">
        <method signature="Demo1.createCustomer()[pri:0, instance:day45.Demo1@78e117e3]" name="createCustomer" class="day45.Demo1"/>
      </group> <!-- Customer -->
      <group name="Product">
        <method signature="Demo1.createProduct()[pri:0, instance:day45.Demo1@78e117e3]" name="createProduct" class="day45.Demo1"/>
      </group> <!-- Product -->
      <group name="Smoke">
        <method signature="Demo1.createCustomer()[pri:0, instance:day45.Demo1@78e117e3]" name="createCustomer" class="day45.Demo1"/>
        <method signature="Demo1.createProduct()[pri:0, instance:day45.Demo1@78e117e3]" name="createProduct" class="day45.Demo1"/>
        <method signature="Demo1.createUser()[pri:0, instance:day45.Demo1@78e117e3]" name="createUser" class="day45.Demo1"/>
      </group> <!-- Smoke -->
    </groups>
    <test started-at="2022-07-29T08:55:03 IST" name="Test" finished-at="2022-07-29T08:55:03 IST" duration-ms="68">
      <class name="day45.Demo1">
        <test-method is-config="true" signature="login()[pri:0, instance:day45.Demo1@78e117e3]" started-at="2022-07-29T08:55:03 IST" name="login" finished-at="2022-07-29T08:55:03 IST" duration-ms="4" status="PASS">
          <reporter-output>
            <line>
              <![CDATA[login]]>
            </line>
          </reporter-output>
        </test-method> <!-- login -->
        <test-method signature="createCustomer()[pri:0, instance:day45.Demo1@78e117e3]" started-at="2022-07-29T08:55:03 IST" name="createCustomer" finished-at="2022-07-29T08:55:03 IST" duration-ms="3" status="PASS">
          <reporter-output>
            <line>
              <![CDATA[create Customer]]>
            </line>
          </reporter-output>
        </test-method> <!-- createCustomer -->
        <test-method is-config="true" signature="logout()[pri:0, instance:day45.Demo1@78e117e3]" started-at="2022-07-29T08:55:03 IST" name="logout" finished-at="2022-07-29T08:55:03 IST" duration-ms="1" status="PASS">
          <reporter-output>
            <line>
              <![CDATA[logout]]>
            </line>
          </reporter-output>
        </test-method> <!-- logout -->
        <test-method signature="createProduct()[pri:0, instance:day45.Demo1@78e117e3]" started-at="2022-07-29T08:55:03 IST" name="createProduct" finished-at="2022-07-29T08:55:03 IST" duration-ms="2" status="PASS">
          <reporter-output>
            <line>
              <![CDATA[create Product]]>
            </line>
          </reporter-output>
        </test-method> <!-- createProduct -->
        <test-method is-config="true" signature="login()[pri:0, instance:day45.Demo1@78e117e3]" started-at="2022-07-29T08:55:03 IST" name="login" finished-at="2022-07-29T08:55:03 IST" duration-ms="0" status="PASS">
          <reporter-output>
            <line>
              <![CDATA[login]]>
            </line>
          </reporter-output>
        </test-method> <!-- login -->
        <test-method is-config="true" signature="logout()[pri:0, instance:day45.Demo1@78e117e3]" started-at="2022-07-29T08:55:03 IST" name="logout" finished-at="2022-07-29T08:55:03 IST" duration-ms="2" status="PASS">
          <reporter-output>
            <line>
              <![CDATA[logout]]>
            </line>
          </reporter-output>
        </test-method> <!-- logout -->
        <test-method is-config="true" signature="login()[pri:0, instance:day45.Demo1@78e117e3]" started-at="2022-07-29T08:55:03 IST" name="login" finished-at="2022-07-29T08:55:03 IST" duration-ms="1" status="PASS">
          <reporter-output>
            <line>
              <![CDATA[login]]>
            </line>
          </reporter-output>
        </test-method> <!-- login -->
        <test-method signature="createUser()[pri:0, instance:day45.Demo1@78e117e3]" started-at="2022-07-29T08:55:03 IST" name="createUser" finished-at="2022-07-29T08:55:03 IST" duration-ms="2" status="PASS">
          <reporter-output>
            <line>
              <![CDATA[create user]]>
            </line>
          </reporter-output>
        </test-method> <!-- createUser -->
        <test-method is-config="true" signature="logout()[pri:0, instance:day45.Demo1@78e117e3]" started-at="2022-07-29T08:55:03 IST" name="logout" finished-at="2022-07-29T08:55:03 IST" duration-ms="1" status="PASS">
          <reporter-output>
            <line>
              <![CDATA[logout]]>
            </line>
          </reporter-output>
        </test-method> <!-- logout -->
      </class> <!-- day45.Demo1 -->
    </test> <!-- Test -->
  </suite> <!-- Suite -->
</testng-results>
